<?xml version="1.0" encoding="UTF-8"?>
<coverage generated="1645493267663" clover="3.2.0">
  <project timestamp="1645493267663" name="All files">
    <metrics statements="41" coveredstatements="40" conditionals="2" coveredconditionals="2" methods="12" coveredmethods="12" elements="55" coveredelements="54" complexity="0" loc="41" ncloc="41" packages="2" files="4" classes="4"/>
    <package name="client">
      <metrics statements="15" coveredstatements="14" conditionals="0" coveredconditionals="0" methods="4" coveredmethods="4"/>
      <file name="App.js" path="/Users/russelmcmillan/Documents/Job Search/strategic-financial/sfs-challenge/client/App.js">
        <metrics statements="15" coveredstatements="14" conditionals="0" coveredconditionals="0" methods="4" coveredmethods="4"/>
        <line num="6" count="1" type="stmt"/>
        <line num="39" count="1" type="stmt"/>
        <line num="40" count="16" type="stmt"/>
        <line num="42" count="16" type="stmt"/>
        <line num="43" count="1" type="stmt"/>
        <line num="51" count="1" type="stmt"/>
        <line num="54" count="16" type="stmt"/>
        <line num="55" count="1" type="stmt"/>
        <line num="58" count="16" type="stmt"/>
        <line num="59" count="7" type="stmt"/>
        <line num="60" count="7" type="stmt"/>
        <line num="63" count="7" type="stmt"/>
        <line num="64" count="7" type="stmt"/>
        <line num="66" count="0" type="stmt"/>
        <line num="70" count="16" type="stmt"/>
      </file>
    </package>
    <package name="client.components">
      <metrics statements="26" coveredstatements="26" conditionals="2" coveredconditionals="2" methods="8" coveredmethods="8"/>
      <file name="DebtTable.js" path="/Users/russelmcmillan/Documents/Job Search/strategic-financial/sfs-challenge/client/components/DebtTable.js">
        <metrics statements="13" coveredstatements="13" conditionals="2" coveredconditionals="2" methods="4" coveredmethods="4"/>
        <line num="6" count="1" type="stmt"/>
        <line num="7" count="23" type="stmt"/>
        <line num="8" count="23" type="stmt"/>
        <line num="10" count="23" type="stmt"/>
        <line num="11" count="6" type="stmt"/>
        <line num="12" count="6" type="cond" truecount="2" falsecount="0"/>
        <line num="13" count="5" type="stmt"/>
        <line num="18" count="1" type="stmt"/>
        <line num="19" count="1" type="stmt"/>
        <line num="21" count="1" type="stmt"/>
        <line num="25" count="23" type="stmt"/>
        <line num="70" count="160" type="stmt"/>
        <line num="109" count="1" type="stmt"/>
      </file>
      <file name="Row.js" path="/Users/russelmcmillan/Documents/Job Search/strategic-financial/sfs-challenge/client/components/Row.js">
        <metrics statements="4" coveredstatements="4" conditionals="0" coveredconditionals="0" methods="1" coveredmethods="1"/>
        <line num="4" count="2" type="stmt"/>
        <line num="5" count="165" type="stmt"/>
        <line num="7" count="165" type="stmt"/>
        <line num="47" count="2" type="stmt"/>
      </file>
      <file name="TotalRow.js" path="/Users/russelmcmillan/Documents/Job Search/strategic-financial/sfs-challenge/client/components/TotalRow.js">
        <metrics statements="9" coveredstatements="9" conditionals="0" coveredconditionals="0" methods="3" coveredmethods="3"/>
        <line num="4" count="1" type="stmt"/>
        <line num="5" count="29" type="stmt"/>
        <line num="6" count="29" type="stmt"/>
        <line num="8" count="29" type="stmt"/>
        <line num="9" count="14" type="stmt"/>
        <line num="10" count="8" type="stmt"/>
        <line num="12" count="14" type="stmt"/>
        <line num="15" count="29" type="stmt"/>
        <line num="27" count="1" type="stmt"/>
      </file>
    </package>
  </project>
</coverage>
