<?xml version="1.0" encoding="UTF-8"?>
<coverage generated="1645558291998" clover="3.2.0">
  <project timestamp="1645558291998" name="All files">
    <metrics statements="49" coveredstatements="47" conditionals="2" coveredconditionals="2" methods="16" coveredmethods="15" elements="67" coveredelements="64" complexity="0" loc="49" ncloc="49" packages="2" files="5" classes="5"/>
    <package name="Home">
      <metrics statements="37" coveredstatements="35" conditionals="2" coveredconditionals="2" methods="12" coveredmethods="11"/>
      <file name="TotalTable.js" path="/Users/russelmcmillan/Documents/Job Search/strategic-financial/download-test/sfs-challenge/client/components/Home/TotalTable.js">
        <metrics statements="9" coveredstatements="9" conditionals="0" coveredconditionals="0" methods="3" coveredmethods="3"/>
        <line num="4" count="1" type="stmt"/>
        <line num="5" count="42" type="stmt"/>
        <line num="6" count="42" type="stmt"/>
        <line num="8" count="42" type="stmt"/>
        <line num="9" count="28" type="stmt"/>
        <line num="10" count="8" type="stmt"/>
        <line num="12" count="28" type="stmt"/>
        <line num="15" count="42" type="stmt"/>
        <line num="31" count="1" type="stmt"/>
      </file>
      <file name="index.js" path="/Users/russelmcmillan/Documents/Job Search/strategic-financial/download-test/sfs-challenge/client/components/Home/index.js">
        <metrics statements="28" coveredstatements="26" conditionals="2" coveredconditionals="2" methods="9" coveredmethods="8"/>
        <line num="6" count="1" type="stmt"/>
        <line num="7" count="37" type="stmt"/>
        <line num="8" count="36" type="stmt"/>
        <line num="10" count="36" type="stmt"/>
        <line num="11" count="7" type="stmt"/>
        <line num="12" count="7" type="stmt"/>
        <line num="15" count="7" type="stmt"/>
        <line num="16" count="7" type="stmt"/>
        <line num="18" count="0" type="stmt"/>
        <line num="22" count="36" type="stmt"/>
        <line num="23" count="6" type="stmt"/>
        <line num="24" count="6" type="cond" truecount="2" falsecount="0"/>
        <line num="25" count="5" type="stmt"/>
        <line num="30" count="1" type="stmt"/>
        <line num="31" count="1" type="stmt"/>
        <line num="33" count="1" type="stmt"/>
        <line num="37" count="36" type="stmt"/>
        <line num="38" count="1" type="stmt"/>
        <line num="46" count="1" type="stmt"/>
        <line num="49" count="36" type="stmt"/>
        <line num="50" count="1" type="stmt"/>
        <line num="53" count="36" type="stmt"/>
        <line num="54" count="15" type="stmt"/>
        <line num="55" count="80" type="stmt"/>
        <line num="58" count="15" type="stmt"/>
        <line num="59" count="0" type="stmt"/>
        <line num="62" count="15" type="stmt"/>
        <line num="65" count="36" type="stmt"/>
      </file>
    </package>
    <package name="Home.DebtTable">
      <metrics statements="12" coveredstatements="12" conditionals="0" coveredconditionals="0" methods="4" coveredmethods="4"/>
      <file name="Row.js" path="/Users/russelmcmillan/Documents/Job Search/strategic-financial/download-test/sfs-challenge/client/components/Home/DebtTable/Row.js">
        <metrics statements="4" coveredstatements="4" conditionals="0" coveredconditionals="0" methods="1" coveredmethods="1"/>
        <line num="4" count="2" type="stmt"/>
        <line num="5" count="225" type="stmt"/>
        <line num="7" count="225" type="stmt"/>
        <line num="47" count="2" type="stmt"/>
      </file>
      <file name="TableHeader.js" path="/Users/russelmcmillan/Documents/Job Search/strategic-financial/download-test/sfs-challenge/client/components/Home/DebtTable/TableHeader.js">
        <metrics statements="3" coveredstatements="3" conditionals="0" coveredconditionals="0" methods="1" coveredmethods="1"/>
        <line num="3" count="1" type="stmt"/>
        <line num="4" count="36" type="stmt"/>
        <line num="32" count="1" type="stmt"/>
      </file>
      <file name="index.js" path="/Users/russelmcmillan/Documents/Job Search/strategic-financial/download-test/sfs-challenge/client/components/Home/DebtTable/index.js">
        <metrics statements="5" coveredstatements="5" conditionals="0" coveredconditionals="0" methods="2" coveredmethods="2"/>
        <line num="6" count="1" type="stmt"/>
        <line num="7" count="36" type="stmt"/>
        <line num="9" count="36" type="stmt"/>
        <line num="14" count="220" type="stmt"/>
        <line num="27" count="1" type="stmt"/>
      </file>
    </package>
  </project>
</coverage>
