{"/Users/russelmcmillan/Documents/Job Search/strategic-financial/sfs-challenge/client/App.js": {"path":"/Users/russelmcmillan/Documents/Job Search/strategic-financial/sfs-challenge/client/App.js","statementMap":{"0":{"start":{"line":6,"column":14},"end":{"line":37,"column":2}},"1":{"start":{"line":39,"column":12},"end":{"line":79,"column":1}},"2":{"start":{"line":40,"column":28},"end":{"line":40,"column":40}},"3":{"start":{"line":42,"column":28},"end":{"line":52,"column":3}},"4":{"start":{"line":43,"column":22},"end":{"line":50,"column":5}},"5":{"start":{"line":51,"column":4},"end":{"line":51,"column":36}},"6":{"start":{"line":54,"column":31},"end":{"line":56,"column":3}},"7":{"start":{"line":55,"column":4},"end":{"line":55,"column":33}},"8":{"start":{"line":58,"column":2},"end":{"line":68,"column":9}},"9":{"start":{"line":59,"column":4},"end":{"line":67,"column":5}},"10":{"start":{"line":60,"column":23},"end":{"line":62,"column":7}},"11":{"start":{"line":63,"column":23},"end":{"line":63,"column":31}},"12":{"start":{"line":64,"column":6},"end":{"line":64,"column":21}},"13":{"start":{"line":66,"column":6},"end":{"line":66,"column":27}},"14":{"start":{"line":70,"column":2},"end":{"line":78,"column":4}}},"fnMap":{"0":{"name":"(anonymous_0)","decl":{"start":{"line":39,"column":12},"end":{"line":39,"column":13}},"loc":{"start":{"line":39,"column":18},"end":{"line":79,"column":1}},"line":39},"1":{"name":"(anonymous_1)","decl":{"start":{"line":42,"column":28},"end":{"line":42,"column":29}},"loc":{"start":{"line":42,"column":34},"end":{"line":52,"column":3}},"line":42},"2":{"name":"(anonymous_2)","decl":{"start":{"line":54,"column":31},"end":{"line":54,"column":32}},"loc":{"start":{"line":54,"column":37},"end":{"line":56,"column":3}},"line":54},"3":{"name":"(anonymous_3)","decl":{"start":{"line":58,"column":12},"end":{"line":58,"column":13}},"loc":{"start":{"line":58,"column":24},"end":{"line":68,"column":3}},"line":58}},"branchMap":{},"s":{"0":1,"1":1,"2":16,"3":16,"4":1,"5":1,"6":16,"7":1,"8":16,"9":7,"10":7,"11":7,"12":7,"13":0,"14":16},"f":{"0":16,"1":1,"2":1,"3":7},"b":{},"_coverageSchema":"1a1c01bbd47fc00a2c39e90264f33305004495a9","hash":"f4f7563e3e1abe3990a80b1cb442370900505fbc"}
,"/Users/russelmcmillan/Documents/Job Search/strategic-financial/sfs-challenge/client/components/DebtTable.js": {"path":"/Users/russelmcmillan/Documents/Job Search/strategic-financial/sfs-challenge/client/components/DebtTable.js","statementMap":{"0":{"start":{"line":6,"column":18},"end":{"line":107,"column":1}},"1":{"start":{"line":7,"column":61},"end":{"line":7,"column":66}},"2":{"start":{"line":8,"column":44},"end":{"line":8,"column":56}},"3":{"start":{"line":10,"column":22},"end":{"line":23,"column":3}},"4":{"start":{"line":11,"column":23},"end":{"line":11,"column":25}},"5":{"start":{"line":12,"column":4},"end":{"line":22,"column":5}},"6":{"start":{"line":13,"column":6},"end":{"line":16,"column":9}},"7":{"start":{"line":18,"column":28},"end":{"line":20,"column":8}},"8":{"start":{"line":19,"column":8},"end":{"line":19,"column":37}},"9":{"start":{"line":21,"column":6},"end":{"line":21,"column":38}},"10":{"start":{"line":25,"column":2},"end":{"line":106,"column":4}},"11":{"start":{"line":70,"column":12},"end":{"line":76,"column":14}},"12":{"start":{"line":109,"column":0},"end":{"line":113,"column":2}}},"fnMap":{"0":{"name":"(anonymous_0)","decl":{"start":{"line":6,"column":18},"end":{"line":6,"column":19}},"loc":{"start":{"line":6,"column":29},"end":{"line":107,"column":1}},"line":6},"1":{"name":"(anonymous_1)","decl":{"start":{"line":10,"column":22},"end":{"line":10,"column":23}},"loc":{"start":{"line":10,"column":30},"end":{"line":23,"column":3}},"line":10},"2":{"name":"(anonymous_2)","decl":{"start":{"line":18,"column":49},"end":{"line":18,"column":50}},"loc":{"start":{"line":18,"column":59},"end":{"line":20,"column":7}},"line":18},"3":{"name":"(anonymous_3)","decl":{"start":{"line":69,"column":21},"end":{"line":69,"column":22}},"loc":{"start":{"line":69,"column":36},"end":{"line":77,"column":11}},"line":69}},"branchMap":{"0":{"loc":{"start":{"line":12,"column":4},"end":{"line":22,"column":5}},"type":"if","locations":[{"start":{"line":12,"column":4},"end":{"line":22,"column":5}},{"start":{"line":17,"column":11},"end":{"line":22,"column":5}}],"line":12}},"s":{"0":1,"1":23,"2":23,"3":23,"4":6,"5":6,"6":5,"7":1,"8":1,"9":1,"10":23,"11":160,"12":1},"f":{"0":23,"1":6,"2":1,"3":160},"b":{"0":[5,1]},"_coverageSchema":"1a1c01bbd47fc00a2c39e90264f33305004495a9","hash":"7df6cc3f1c56f79124bdb5eed9e8100e5cdfa6a2"}
,"/Users/russelmcmillan/Documents/Job Search/strategic-financial/sfs-challenge/client/components/Row.js": {"path":"/Users/russelmcmillan/Documents/Job Search/strategic-financial/sfs-challenge/client/components/Row.js","statementMap":{"0":{"start":{"line":4,"column":12},"end":{"line":45,"column":1}},"1":{"start":{"line":5,"column":32},"end":{"line":5,"column":37}},"2":{"start":{"line":7,"column":2},"end":{"line":44,"column":4}},"3":{"start":{"line":47,"column":0},"end":{"line":50,"column":2}}},"fnMap":{"0":{"name":"(anonymous_0)","decl":{"start":{"line":4,"column":12},"end":{"line":4,"column":13}},"loc":{"start":{"line":4,"column":23},"end":{"line":45,"column":1}},"line":4}},"branchMap":{},"s":{"0":2,"1":165,"2":165,"3":2},"f":{"0":165},"b":{},"_coverageSchema":"1a1c01bbd47fc00a2c39e90264f33305004495a9","hash":"d94c631a7d3fda779105b7f05e30a0a49d453c7e"}
,"/Users/russelmcmillan/Documents/Job Search/strategic-financial/sfs-challenge/client/components/TotalRow.js": {"path":"/Users/russelmcmillan/Documents/Job Search/strategic-financial/sfs-challenge/client/components/TotalRow.js","statementMap":{"0":{"start":{"line":4,"column":17},"end":{"line":25,"column":1}},"1":{"start":{"line":5,"column":28},"end":{"line":5,"column":33}},"2":{"start":{"line":6,"column":42},"end":{"line":6,"column":53}},"3":{"start":{"line":8,"column":2},"end":{"line":13,"column":22}},"4":{"start":{"line":9,"column":18},"end":{"line":11,"column":9}},"5":{"start":{"line":10,"column":6},"end":{"line":10,"column":41}},"6":{"start":{"line":12,"column":4},"end":{"line":12,"column":27}},"7":{"start":{"line":15,"column":2},"end":{"line":24,"column":4}},"8":{"start":{"line":27,"column":0},"end":{"line":29,"column":2}}},"fnMap":{"0":{"name":"(anonymous_0)","decl":{"start":{"line":4,"column":17},"end":{"line":4,"column":18}},"loc":{"start":{"line":4,"column":28},"end":{"line":25,"column":1}},"line":4},"1":{"name":"(anonymous_1)","decl":{"start":{"line":8,"column":12},"end":{"line":8,"column":13}},"loc":{"start":{"line":8,"column":18},"end":{"line":13,"column":3}},"line":8},"2":{"name":"(anonymous_2)","decl":{"start":{"line":9,"column":39},"end":{"line":9,"column":40}},"loc":{"start":{"line":9,"column":60},"end":{"line":11,"column":5}},"line":9}},"branchMap":{},"s":{"0":1,"1":29,"2":29,"3":29,"4":14,"5":8,"6":14,"7":29,"8":1},"f":{"0":29,"1":14,"2":8},"b":{},"_coverageSchema":"1a1c01bbd47fc00a2c39e90264f33305004495a9","hash":"0adac4e7795e86cc05cf7622ff13207c1ce149f1"}
}
