{"/Users/russelmcmillan/Documents/Job Search/strategic-financial/sfs-challenge/client/App.js": {"path":"/Users/russelmcmillan/Documents/Job Search/strategic-financial/sfs-challenge/client/App.js","statementMap":{"0":{"start":{"line":5,"column":14},"end":{"line":36,"column":2}},"1":{"start":{"line":38,"column":12},"end":{"line":44,"column":1}},"2":{"start":{"line":39,"column":2},"end":{"line":43,"column":4}}},"fnMap":{"0":{"name":"(anonymous_0)","decl":{"start":{"line":38,"column":12},"end":{"line":38,"column":13}},"loc":{"start":{"line":38,"column":18},"end":{"line":44,"column":1}},"line":38}},"branchMap":{},"s":{"0":1,"1":1,"2":7},"f":{"0":7},"b":{},"_coverageSchema":"1a1c01bbd47fc00a2c39e90264f33305004495a9","hash":"33d7d7cd8cee043f9f12f951582e54189256f5a5"}
,"/Users/russelmcmillan/Documents/Job Search/strategic-financial/sfs-challenge/client/components/Home/TotalTable.js": {"path":"/Users/russelmcmillan/Documents/Job Search/strategic-financial/sfs-challenge/client/components/Home/TotalTable.js","statementMap":{"0":{"start":{"line":4,"column":19},"end":{"line":29,"column":1}},"1":{"start":{"line":5,"column":28},"end":{"line":5,"column":33}},"2":{"start":{"line":6,"column":42},"end":{"line":6,"column":53}},"3":{"start":{"line":8,"column":2},"end":{"line":13,"column":22}},"4":{"start":{"line":9,"column":18},"end":{"line":11,"column":9}},"5":{"start":{"line":10,"column":6},"end":{"line":10,"column":41}},"6":{"start":{"line":12,"column":4},"end":{"line":12,"column":27}},"7":{"start":{"line":15,"column":2},"end":{"line":28,"column":4}},"8":{"start":{"line":31,"column":0},"end":{"line":33,"column":2}}},"fnMap":{"0":{"name":"(anonymous_0)","decl":{"start":{"line":4,"column":19},"end":{"line":4,"column":20}},"loc":{"start":{"line":4,"column":30},"end":{"line":29,"column":1}},"line":4},"1":{"name":"(anonymous_1)","decl":{"start":{"line":8,"column":12},"end":{"line":8,"column":13}},"loc":{"start":{"line":8,"column":18},"end":{"line":13,"column":3}},"line":8},"2":{"name":"(anonymous_2)","decl":{"start":{"line":9,"column":39},"end":{"line":9,"column":40}},"loc":{"start":{"line":9,"column":60},"end":{"line":11,"column":5}},"line":9}},"branchMap":{},"s":{"0":1,"1":46,"2":46,"3":46,"4":31,"5":8,"6":31,"7":46,"8":1},"f":{"0":46,"1":31,"2":8},"b":{},"_coverageSchema":"1a1c01bbd47fc00a2c39e90264f33305004495a9","hash":"5e6636b60dbc702adc5b93961a6fc9f67abbe3f1"}
,"/Users/russelmcmillan/Documents/Job Search/strategic-financial/sfs-challenge/client/components/Home/index.js": {"path":"/Users/russelmcmillan/Documents/Job Search/strategic-financial/sfs-challenge/client/components/Home/index.js","statementMap":{"0":{"start":{"line":6,"column":13},"end":{"line":91,"column":1}},"1":{"start":{"line":7,"column":28},"end":{"line":7,"column":40}},"2":{"start":{"line":8,"column":44},"end":{"line":8,"column":56}},"3":{"start":{"line":10,"column":2},"end":{"line":20,"column":9}},"4":{"start":{"line":11,"column":4},"end":{"line":19,"column":5}},"5":{"start":{"line":12,"column":23},"end":{"line":14,"column":7}},"6":{"start":{"line":15,"column":23},"end":{"line":15,"column":31}},"7":{"start":{"line":16,"column":6},"end":{"line":16,"column":21}},"8":{"start":{"line":18,"column":6},"end":{"line":18,"column":27}},"9":{"start":{"line":22,"column":22},"end":{"line":35,"column":3}},"10":{"start":{"line":23,"column":23},"end":{"line":23,"column":25}},"11":{"start":{"line":24,"column":4},"end":{"line":34,"column":5}},"12":{"start":{"line":25,"column":6},"end":{"line":28,"column":9}},"13":{"start":{"line":30,"column":28},"end":{"line":32,"column":8}},"14":{"start":{"line":31,"column":8},"end":{"line":31,"column":37}},"15":{"start":{"line":33,"column":6},"end":{"line":33,"column":38}},"16":{"start":{"line":37,"column":28},"end":{"line":47,"column":3}},"17":{"start":{"line":38,"column":22},"end":{"line":45,"column":5}},"18":{"start":{"line":46,"column":4},"end":{"line":46,"column":36}},"19":{"start":{"line":49,"column":31},"end":{"line":51,"column":3}},"20":{"start":{"line":50,"column":4},"end":{"line":50,"column":33}},"21":{"start":{"line":53,"column":2},"end":{"line":63,"column":14}},"22":{"start":{"line":54,"column":20},"end":{"line":56,"column":6}},"23":{"start":{"line":55,"column":6},"end":{"line":55,"column":21}},"24":{"start":{"line":58,"column":27},"end":{"line":60,"column":6}},"25":{"start":{"line":59,"column":6},"end":{"line":59,"column":57}},"26":{"start":{"line":62,"column":4},"end":{"line":62,"column":37}},"27":{"start":{"line":65,"column":2},"end":{"line":90,"column":4}}},"fnMap":{"0":{"name":"(anonymous_0)","decl":{"start":{"line":6,"column":13},"end":{"line":6,"column":14}},"loc":{"start":{"line":6,"column":19},"end":{"line":91,"column":1}},"line":6},"1":{"name":"(anonymous_1)","decl":{"start":{"line":10,"column":12},"end":{"line":10,"column":13}},"loc":{"start":{"line":10,"column":24},"end":{"line":20,"column":3}},"line":10},"2":{"name":"(anonymous_2)","decl":{"start":{"line":22,"column":22},"end":{"line":22,"column":23}},"loc":{"start":{"line":22,"column":30},"end":{"line":35,"column":3}},"line":22},"3":{"name":"(anonymous_3)","decl":{"start":{"line":30,"column":49},"end":{"line":30,"column":50}},"loc":{"start":{"line":30,"column":59},"end":{"line":32,"column":7}},"line":30},"4":{"name":"(anonymous_4)","decl":{"start":{"line":37,"column":28},"end":{"line":37,"column":29}},"loc":{"start":{"line":37,"column":34},"end":{"line":47,"column":3}},"line":37},"5":{"name":"(anonymous_5)","decl":{"start":{"line":49,"column":31},"end":{"line":49,"column":32}},"loc":{"start":{"line":49,"column":37},"end":{"line":51,"column":3}},"line":49},"6":{"name":"(anonymous_6)","decl":{"start":{"line":53,"column":12},"end":{"line":53,"column":13}},"loc":{"start":{"line":53,"column":18},"end":{"line":63,"column":3}},"line":53},"7":{"name":"(anonymous_7)","decl":{"start":{"line":54,"column":30},"end":{"line":54,"column":31}},"loc":{"start":{"line":54,"column":40},"end":{"line":56,"column":5}},"line":54},"8":{"name":"(anonymous_8)","decl":{"start":{"line":58,"column":48},"end":{"line":58,"column":49}},"loc":{"start":{"line":58,"column":66},"end":{"line":60,"column":5}},"line":58}},"branchMap":{"0":{"loc":{"start":{"line":24,"column":4},"end":{"line":34,"column":5}},"type":"if","locations":[{"start":{"line":24,"column":4},"end":{"line":34,"column":5}},{"start":{"line":29,"column":11},"end":{"line":34,"column":5}}],"line":24}},"s":{"0":1,"1":41,"2":40,"3":40,"4":8,"5":8,"6":8,"7":8,"8":0,"9":40,"10":6,"11":6,"12":5,"13":1,"14":1,"15":1,"16":40,"17":1,"18":1,"19":40,"20":1,"21":40,"22":17,"23":90,"24":17,"25":0,"26":17,"27":40},"f":{"0":41,"1":8,"2":6,"3":1,"4":1,"5":1,"6":17,"7":90,"8":0},"b":{"0":[5,1]},"_coverageSchema":"1a1c01bbd47fc00a2c39e90264f33305004495a9","hash":"2bfc4b35022a5372de2c691fb99e9c57d663046a"}
,"/Users/russelmcmillan/Documents/Job Search/strategic-financial/sfs-challenge/client/components/Home/DebtTable/Row.js": {"path":"/Users/russelmcmillan/Documents/Job Search/strategic-financial/sfs-challenge/client/components/Home/DebtTable/Row.js","statementMap":{"0":{"start":{"line":4,"column":12},"end":{"line":45,"column":1}},"1":{"start":{"line":5,"column":32},"end":{"line":5,"column":37}},"2":{"start":{"line":7,"column":2},"end":{"line":44,"column":4}},"3":{"start":{"line":47,"column":0},"end":{"line":50,"column":2}}},"fnMap":{"0":{"name":"(anonymous_0)","decl":{"start":{"line":4,"column":12},"end":{"line":4,"column":13}},"loc":{"start":{"line":4,"column":23},"end":{"line":45,"column":1}},"line":4}},"branchMap":{},"s":{"0":2,"1":245,"2":245,"3":2},"f":{"0":245},"b":{},"_coverageSchema":"1a1c01bbd47fc00a2c39e90264f33305004495a9","hash":"52e130a70354363fd2e7b5191a1e0fe500a676c8"}
,"/Users/russelmcmillan/Documents/Job Search/strategic-financial/sfs-challenge/client/components/Home/DebtTable/TableHeader.js": {"path":"/Users/russelmcmillan/Documents/Job Search/strategic-financial/sfs-challenge/client/components/Home/DebtTable/TableHeader.js","statementMap":{"0":{"start":{"line":3,"column":20},"end":{"line":30,"column":1}},"1":{"start":{"line":4,"column":2},"end":{"line":29,"column":4}},"2":{"start":{"line":32,"column":0},"end":{"line":32,"column":27}}},"fnMap":{"0":{"name":"(anonymous_0)","decl":{"start":{"line":3,"column":20},"end":{"line":3,"column":21}},"loc":{"start":{"line":3,"column":26},"end":{"line":30,"column":1}},"line":3}},"branchMap":{},"s":{"0":1,"1":40,"2":1},"f":{"0":40},"b":{},"_coverageSchema":"1a1c01bbd47fc00a2c39e90264f33305004495a9","hash":"a844be24baea8446fdb9d8466797c5cb82b25249"}
,"/Users/russelmcmillan/Documents/Job Search/strategic-financial/sfs-challenge/client/components/Home/DebtTable/index.js": {"path":"/Users/russelmcmillan/Documents/Job Search/strategic-financial/sfs-challenge/client/components/Home/DebtTable/index.js","statementMap":{"0":{"start":{"line":6,"column":18},"end":{"line":25,"column":1}},"1":{"start":{"line":7,"column":33},"end":{"line":7,"column":38}},"2":{"start":{"line":9,"column":2},"end":{"line":24,"column":4}},"3":{"start":{"line":14,"column":10},"end":{"line":20,"column":12}},"4":{"start":{"line":27,"column":0},"end":{"line":30,"column":2}}},"fnMap":{"0":{"name":"(anonymous_0)","decl":{"start":{"line":6,"column":18},"end":{"line":6,"column":19}},"loc":{"start":{"line":6,"column":29},"end":{"line":25,"column":1}},"line":6},"1":{"name":"(anonymous_1)","decl":{"start":{"line":13,"column":19},"end":{"line":13,"column":20}},"loc":{"start":{"line":13,"column":34},"end":{"line":21,"column":9}},"line":13}},"branchMap":{},"s":{"0":1,"1":40,"2":40,"3":240,"4":1},"f":{"0":40,"1":240},"b":{},"_coverageSchema":"1a1c01bbd47fc00a2c39e90264f33305004495a9","hash":"1f5902de47ba39e9b54faaea080a5795bc4ee8bd"}
}
