TN:
SF:client/App.js
FN:38,(anonymous_0)
FNF:1
FNH:1
FNDA:7,(anonymous_0)
DA:5,1
DA:38,1
DA:39,7
LF:3
LH:3
BRF:0
BRH:0
end_of_record
TN:
SF:client/components/Home/Row.js
FN:4,(anonymous_0)
FNF:1
FNH:1
FNDA:245,(anonymous_0)
DA:4,2
DA:5,245
DA:7,245
DA:47,2
LF:4
LH:4
BRF:0
BRH:0
end_of_record
TN:
SF:client/components/Home/TotalTable.js
FN:4,(anonymous_0)
FN:8,(anonymous_1)
FN:9,(anonymous_2)
FNF:3
FNH:3
FNDA:46,(anonymous_0)
FNDA:31,(anonymous_1)
FNDA:8,(anonymous_2)
DA:4,1
DA:5,46
DA:6,46
DA:8,46
DA:9,31
DA:10,8
DA:12,31
DA:15,46
DA:31,1
LF:9
LH:9
BRF:0
BRH:0
end_of_record
TN:
SF:client/components/Home/index.js
FN:6,(anonymous_0)
FN:10,(anonymous_1)
FN:22,(anonymous_2)
FN:30,(anonymous_3)
FN:37,(anonymous_4)
FN:49,(anonymous_5)
FN:53,(anonymous_6)
FN:54,(anonymous_7)
FN:58,(anonymous_8)
FNF:9
FNH:8
FNDA:41,(anonymous_0)
FNDA:8,(anonymous_1)
FNDA:6,(anonymous_2)
FNDA:1,(anonymous_3)
FNDA:1,(anonymous_4)
FNDA:1,(anonymous_5)
FNDA:17,(anonymous_6)
FNDA:90,(anonymous_7)
FNDA:0,(anonymous_8)
DA:6,1
DA:7,41
DA:8,40
DA:10,40
DA:11,8
DA:12,8
DA:15,8
DA:16,8
DA:18,0
DA:22,40
DA:23,6
DA:24,6
DA:25,5
DA:30,1
DA:31,1
DA:33,1
DA:37,40
DA:38,1
DA:46,1
DA:49,40
DA:50,1
DA:53,40
DA:54,17
DA:55,90
DA:58,17
DA:59,0
DA:62,17
DA:65,40
LF:28
LH:26
BRDA:24,0,0,5
BRDA:24,0,1,1
BRF:2
BRH:2
end_of_record
TN:
SF:client/components/Home/DebtTable/TableHeader.js
FN:3,(anonymous_0)
FNF:1
FNH:1
FNDA:40,(anonymous_0)
DA:3,1
DA:4,40
DA:32,1
LF:3
LH:3
BRF:0
BRH:0
end_of_record
TN:
SF:client/components/Home/DebtTable/index.js
FN:6,(anonymous_0)
FN:13,(anonymous_1)
FNF:2
FNH:2
FNDA:40,(anonymous_0)
FNDA:240,(anonymous_1)
DA:6,1
DA:7,40
DA:9,40
DA:14,240
DA:27,1
LF:5
LH:5
BRF:0
BRH:0
end_of_record
