TN:
SF:client/components/DebtTable.js
FN:6,(anonymous_0)
FN:11,(anonymous_1)
FN:20,(anonymous_2)
FN:51,(anonymous_3)
FNF:4
FNH:3
FNDA:1,(anonymous_0)
FNDA:0,(anonymous_1)
FNDA:1,(anonymous_2)
FNDA:10,(anonymous_3)
DA:6,1
DA:7,1
DA:8,1
DA:9,1
DA:11,1
DA:12,0
DA:17,0
DA:20,1
DA:21,1
DA:27,1
DA:52,10
DA:62,1
LF:12
LH:10
BRF:0
BRH:0
end_of_record
TN:
SF:client/components/Row.js
FN:4,(anonymous_0)
FNF:1
FNH:1
FNDA:12,(anonymous_0)
DA:4,2
DA:5,12
DA:7,12
DA:31,2
LF:4
LH:4
BRF:0
BRH:0
end_of_record
TN:
SF:client/components/TotalRow.js
FN:4,(anonymous_0)
FN:8,(anonymous_1)
FN:9,(anonymous_2)
FNF:3
FNH:2
FNDA:1,(anonymous_0)
FNDA:1,(anonymous_1)
FNDA:0,(anonymous_2)
DA:4,1
DA:5,1
DA:6,1
DA:8,1
DA:9,1
DA:10,0
DA:12,1
DA:15,1
DA:23,1
LF:9
LH:8
BRF:0
BRH:0
end_of_record
